~~~~~~~~~~~~~~~~~~~~~~~~~~~~~~~~~~~~~~~~~~~
Perm Stuck-at SDCs for residue on 8bit  
~~~~~~~~~~~~~~~~~~~~~~~~~~~~~~~~~~~~~~~~~~~
 A |   SDCs   |  Masked   |
---+----------+-----------+
1  | 1288991  | 390625    |
2  | 1770738  | 468750    |
3  | 619313   | 392683    |
4  | 2423484  | 562500    |
5  | 554629   | 395905    |
6  | 944826   | 472278    |
7  | 516633   | 396907    |
8  | 3306312  | 675000    |
9  | 676627   | 411157    |
10 | 947502   | 482610    |
11 | 619991   | 409999    |
12 | 1482852  | 573084    |
13 | 672229   | 416701    |
14 | 939234   | 487182    |
15 | 764385   | 426367    |
16 | 4498416  | 810000    |
17 | 887569   | 431317    |
18 | 1181038  | 504498    |
19 | 774225   | 436291    |
20 | 1591052  | 590580    |
21 | 911207   | 447733    |
22 | 1146810  | 508710    |
23 | 870793   | 446839    |
24 | 2289768  | 693144    |
25 | 968235   | 460513    |
26 | 1254750  | 521058    |
27 | 984925   | 460819    |
28 | 1729620  | 612396    |
29 | 1051179  | 462589    |
30 | 1515322  | 542982    |
31 | 1526181  | 524611    |
32 | 6105888  | 972000    |
33 | 1688713  | 546529    |
34 | 1780574  | 571170    |
35 | 1266901  | 493555    |
36 | 2048028  | 627300    |
37 | 1308691  | 500125    |
38 | 1613626  | 570774    |
39 | 1359439  | 506575    |
40 | 2703224  | 733320    |
41 | 1431863  | 513697    |
42 | 1792262  | 586362    |
43 | 1614757  | 539947    |
44 | 2177716  | 656460    |
45 | 1525361  | 528877    |
46 | 1821874  | 588558    |
47 | 1777911  | 568063    |
48 | 3772240  | 864432    |
49 | 1896567  | 584185    |
50 | 2017614  | 610914    |
51 | 1717553  | 545779    |
52 | 2365804  | 672660    |
53 | 1850931  | 565861    |
54 | 2090458  | 615846    |
55 | 1932657  | 571567    |
56 | 3102408  | 768312    |
57 | 2052071  | 586105    |
58 | 2304758  | 638058    |
59 | 2170285  | 603283    |
60 | 3121252  | 745884    |
61 | 2419823  | 637909    |
62 | 3252466  | 747534    |
63 | 3351313  | 752647    |
64 | 8270784  | 1166400   |
65 | 3521357  | 773341    |
66 | 3575718  | 784506    |
67 | 2763649  | 683371    |
68 | 3700172  | 806580    |
69 | 2678431  | 667789    |
70 | 2913242  | 711318    |
71 | 2712521  | 669247    |
72 | 3993560  | 849960    |
73 | 2771599  | 674977    |
74 | 2931126  | 709338    |
75 | 2713535  | 665659    |
76 | 3271700  | 766188    |
77 | 2762253  | 669181    |
78 | 3121106  | 732990    |
79 | 3122753  | 725191    |
80 | 4709872  | 934416    |
81 | 3233271  | 738217    |
82 | 3311214  | 752898    |
83 | 3011431  | 695587    |
84 | 3525772  | 787572    |
85 | 3061269  | 696037    |
86 | 3284218  | 740118    |
87 | 3247335  | 724855    |
88 | 4105256  | 864216    |
89 | 3359687  | 738457    |
90 | 3511398  | 766362    |
91 | 3397571  | 735163    |
92 | 4036068  | 842652    |
93 | 3599627  | 764797    |
94 | 4094674  | 840702    |
95 | 4148599  | 842671    |
96 | 6078112  | 1065312   |
97 | 4275607  | 856921    |
98 | 4341550  | 867090    |
99 | 3938299  | 801475    |
100| 4499196  | 889092    |
101| 3951819  | 794629    |
102| 4151146  | 831270    |
103| 4102687  | 814615    |
104| 4906904  | 938088    |
105| 4210407  | 824041    |
106| 4328022  | 844266    |
107| 4219763  | 814411    |
108| 4698004  | 897516    |
109| 4382427  | 834253    |
110| 4725954  | 889230    |
111| 4774311  | 889087    |
112| 6067792  | 1051056   |
113| 4928695  | 905545    |
114| 5046462  | 922242    |
115| 4820411  | 879763    |
116| 5387020  | 963828    |
117| 4947115  | 889333    |
118| 5265242  | 935670    |
119| 5279183  | 928903    |
120| 6488616  | 1071576   |
121| 5488991  | 952129    |
122| 5782790  | 988986    |
123| 5634555  | 961915    |
124| 6825620  | 1091052   |
125| 6027459  | 1005661   |
126| 7031162  | 1103862   |
127| 7144967  | 1111291   |
128| 11183232 | 1399680   |
129| 7307093  | 1126177   |
130| 7349566  | 1132482   |
131| 6430169  | 1045603   |
132| 7441276  | 1144836   |
133| 6284557  | 1027237   |
134| 6565866  | 1064262   |
135| 6379145  | 1039591   |
136| 7641720  | 1168776   |
137| 6420269  | 1041961   |
138| 6525718  | 1058250   |
139| 6281793  | 1023595   |
140| 6867444  | 1100556   |
141| 6387597  | 1035949   |
142| 6738306  | 1082190   |
143| 6739337  | 1078255   |
144| 8083568  | 1214352   |
145| 6836941  | 1087537   |
146| 6902574  | 1096914   |
147| 6644513  | 1059955   |
148| 7070060  | 1118484   |
149| 6698693  | 1062325   |
150| 6885210  | 1090902   |
151| 6874257  | 1083895   |
152| 7545192  | 1170072   |
153| 6996813  | 1096249   |
154| 7128646  | 1114842   |
155| 7062881  | 1098619   |
156| 7552740  | 1164060   |
157| 7252301  | 1120189   |
158| 7630002  | 1166430   |
159| 7688073  | 1169407   |
160| 9056096  | 1298592   |
161| 7814189  | 1180993   |
162| 7873886  | 1188066   |
163| 7617281  | 1153411   |
164| 8005980  | 1202724   |
165| 7666565  | 1153477   |
166| 7816330  | 1175142   |
167| 7806353  | 1168135   |
168| 8312152  | 1233576   |
169| 7923621  | 1177417   |
170| 8017974  | 1189866   |
171| 7984201  | 1177483   |
172| 8276180  | 1220652   |
173| 8136677  | 1192141   |
174| 8346658  | 1220718   |
175| 8405041  | 1222927   |
176| 9071184  | 1299888   |
177| 8550221  | 1235281   |
178| 8634510  | 1244658   |
179| 8567585  | 1228435   |
180| 8841804  | 1266228   |
181| 8701125  | 1237717   |
182| 8868282  | 1259382   |
183| 8917777  | 1259287   |
184| 9406536  | 1317816   |
185| 9088109  | 1273945   |
186| 9232550  | 1290234   |
187| 9234625  | 1283227   |
188| 9668292  | 1332540   |
189| 9465453  | 1304797   |
190| 9826066  | 1341822   |
191| 9912809  | 1347103   |
192| 11136576 | 1446336   |
193| 10065237 | 1359457   |
194| 10128126 | 1365762   |
195| 9915865  | 1341091   |
196| 10260540 | 1378116   |
197| 9982733  | 1343461   |
198| 10118826 | 1359750   |
199| 10123145 | 1355815   |
200| 10541880 | 1402056   |
201| 10250925 | 1365097   |
202| 10338518 | 1374474   |
203| 10329281 | 1367467   |
204| 10554292 | 1396044   |
205| 10482189 | 1379821   |
206| 10642242 | 1398414   |
207| 10707721 | 1401391   |
208| 11143472 | 1447632   |
209| 10861421 | 1412977   |
210| 10940142 | 1420050   |
211| 10932609 | 1413043   |
212| 11110956 | 1434708   |
213| 11076581 | 1422325   |
214| 11191322 | 1434774   |
215| 11256689 | 1436983   |
216| 11497256 | 1465560   |
217| 11426669 | 1449337   |
218| 11528454 | 1458714   |
219| 11583297 | 1458619   |
220| 11773860 | 1480284   |
221| 11776493 | 1473277   |
222| 11940466 | 1489566   |
223| 12031977 | 1494847   |
224| 12427296 | 1531872   |
225| 12206805 | 1507201   |
226| 12287070 | 1513506   |
227| 12296921 | 1509571   |
228| 12454172 | 1525860   |
229| 12449293 | 1518853   |
230| 12553482 | 1528230   |
231| 12625673 | 1531207   |
232| 12804632 | 1549800   |
233| 12801485 | 1542793   |
234| 12895030 | 1549866   |
235| 12966433 | 1552075   |
236| 13095828 | 1564524   |
237| 13155629 | 1564429   |
238| 13270434 | 1573806   |
239| 13366121 | 1579087   |
240| 13543440 | 1595376   |
241| 13558805 | 1591441   |
242| 13652622 | 1597746   |
243| 13730265 | 1600723   |
244| 13846796 | 1610100   |
245| 13923053 | 1612309   |
246| 14027834 | 1619382   |
247| 14126825 | 1624663   |
248| 14251272 | 1634040   |
249| 14333173 | 1637017   |
250| 14437286 | 1643322   |
251| 14538809 | 1648603   |
252| 14652036 | 1655676   |
253| 14755477 | 1660957   |
254| 14867346 | 1667262   |
255| 14979905 | 1673311   |
---+----------+-----------+
Min SDCs 516633 for A 7



~~~~~~~~~~~~~~~~~~~~~~~~~~~~~~~~~~~~~~~~~~~
Perm Stuck-at SDCs for inverse residue on 8bit  
~~~~~~~~~~~~~~~~~~~~~~~~~~~~~~~~~~~~~~~~~~~
 A |   SDCs   |  Masked   |
---+----------+-----------+
1  | 1288991  | 390625    |
2  | 1397490  | 468750    |
3  | 545631   | 389253    |
4  | 1148658  | 468750    |
5  | 368121   | 389855    |
6  | 715068   | 469044    |
7  | 318753   | 387303    |
8  | 854382   | 431250    |
9  | 292167   | 395937    |
10 | 529074   | 473040    |
11 | 226739   | 383889    |
12 | 565824   | 469044    |
13 | 213963   | 385665    |
14 | 457516   | 467244    |
15 | 233311   | 373137    |
16 | 588930   | 378750    |
17 | 258499   | 405347    |
18 | 427816   | 484884    |
19 | 167265   | 389271    |
20 | 423218   | 474660    |
21 | 202117   | 401391    |
22 | 341976   | 476964    |
23 | 148487   | 371739    |
24 | 412140   | 437508    |
25 | 166839   | 401427    |
26 | 319178   | 480492    |
27 | 152467   | 384543    |
28 | 367788   | 466632    |
29 | 158541   | 390735    |
30 | 345760   | 454500    |
31 | 157425   | 324279    |
32 | 379470   | 323250    |
33 | 205159   | 377433    |
34 | 365228   | 489744    |
35 | 145201   | 400149    |
36 | 358678   | 493668    |
37 | 165281   | 404721    |
38 | 260542   | 480096    |
39 | 126187   | 379845    |
40 | 325984   | 450900    |
41 | 173761   | 433941    |
42 | 298120   | 495828    |
43 | 141943   | 385029    |
44 | 297984   | 481068    |
45 | 150943   | 411165    |
46 | 246670   | 479736    |
47 | 114421   | 334341    |
48 | 283036   | 383832    |
49 | 153973   | 407925    |
50 | 256618   | 503100    |
51 | 133553   | 385089    |
52 | 262872   | 487728    |
53 | 157183   | 417897    |
54 | 239678   | 485352    |
55 | 127981   | 367929    |
56 | 288672   | 439812    |
57 | 152991   | 412605    |
58 | 243472   | 471636    |
59 | 136285   | 372681    |
60 | 289556   | 435060    |
61 | 130707   | 341181    |
62 | 233920   | 367776    |
63 | 80991    | 232497    |
64 | 227298   | 270750    |
65 | 135779   | 314091    |
66 | 270458   | 421668    |
67 | 127299   | 368523    |
68 | 311502   | 471024    |
69 | 152211   | 398187    |
70 | 240810   | 497232    |
71 | 121213   | 368955    |
72 | 298962   | 466272    |
73 | 172437   | 445851    |
74 | 252814   | 520884    |
75 | 135607   | 411543    |
76 | 249442   | 520668    |
77 | 145719   | 422739    |
78 | 223522   | 488592    |
79 | 93923    | 313947    |
80 | 239024   | 407016    |
81 | 159147   | 409779    |
82 | 257590   | 523692    |
83 | 131219   | 400095    |
84 | 253884   | 509256    |
85 | 153589   | 414367    |
86 | 221744   | 493596    |
87 | 107947   | 340767    |
88 | 235754   | 465228    |
89 | 161973   | 432459    |
90 | 236062   | 516060    |
91 | 135017   | 387999    |
92 | 243450   | 491292    |
93 | 135011   | 372267    |
94 | 198986   | 420768    |
95 | 68543    | 247851    |
96 | 187776   | 344736    |
97 | 135033   | 361863    |
98 | 238392   | 488268    |
99 | 134119   | 390123    |
100| 257868   | 525096    |
101| 160773   | 430587    |
102| 230346   | 518724    |
103| 112583   | 351675    |
104| 232464   | 475416    |
105| 170837   | 450315    |
106| 239500   | 529560    |
107| 138365   | 391455    |
108| 242786   | 501660    |
109| 158969   | 415323    |
110| 217266   | 451440    |
111| 84821    | 275355    |
112| 213048   | 380664    |
113| 149369   | 386775    |
114| 236916   | 487836    |
115| 131519   | 368523    |
116| 235132   | 475416    |
117| 156975   | 404523    |
118| 214238   | 444960    |
119| 96529    | 289179    |
120| 216388   | 380232    |
121| 136921   | 359991    |
122| 196096   | 411804    |
123| 99973    | 290475    |
124| 185184   | 343512    |
125| 95407    | 279351    |
126| 127720   | 267516    |
127| 29019    | 145959    |
128| 123182   | 223890    |
129| 83841    | 257733    |
130| 171826   | 344268    |
131| 91985    | 273213    |
132| 213330   | 395136    |
133| 139287   | 370629    |
134| 192078   | 410616    |
135| 88611    | 271701    |
136| 230634   | 414576    |
137| 160837   | 419877    |
138| 241686   | 510516    |
139| 131983   | 367497    |
140| 229730   | 480924    |
141| 163043   | 418365    |
142| 202370   | 428544    |
143| 73469    | 253125    |
144| 217746   | 404208    |
145| 163493   | 425061    |
146| 260918   | 542916    |
147| 141773   | 402489    |
148| 269574   | 563976    |
149| 191729   | 502929    |
150| 241510   | 541404    |
151| 105789   | 334665    |
152| 229898   | 489996    |
153| 182097   | 472797    |
154| 250334   | 560844    |
155| 133955   | 383913    |
156| 230086   | 488484    |
157| 150157   | 404973    |
158| 174686   | 399600    |
159| 49911    | 215973    |
160| 176530   | 363168    |
161| 142503   | 386613    |
162| 240186   | 510516    |
163| 130591   | 379593    |
164| 267266   | 558792    |
165| 188773   | 497745    |
166| 244058   | 551772    |
167| 102717   | 341577    |
168| 251910   | 535464    |
169| 194273   | 517185    |
170| 278306   | 630504    |
171| 143907   | 430893    |
172| 258194   | 576720    |
173| 178547   | 479169    |
174| 211674   | 490428    |
175| 68813    | 269433    |
176| 199010   | 438588    |
177| 168267   | 439533    |
178| 251970   | 560844    |
179| 134627   | 396009    |
180| 256410   | 566352    |
181| 182771   | 484353    |
182| 231658   | 522828    |
183| 90531    | 304425    |
184| 216270   | 456516    |
185| 161301   | 420957    |
186| 221994   | 499500    |
187| 106947   | 323865    |
188| 190498   | 418500    |
189| 115737   | 329373    |
190| 128870   | 321408    |
191| 27635    | 157173    |
192| 122272   | 288036    |
193| 108871   | 301329    |
194| 185864   | 410616    |
195| 101111   | 296901    |
196| 217436   | 464940    |
197| 157889   | 402381    |
198| 211316   | 460512    |
199| 83125    | 274437    |
200| 222332   | 468828    |
201| 172443   | 439533    |
202| 252176   | 551772    |
203| 124249   | 362745    |
204| 239452   | 518724    |
205| 162477   | 417069    |
206| 195680   | 441936    |
207| 57095    | 232101    |
208| 194104   | 422604    |
209| 160913   | 411453    |
210| 249216   | 541404    |
211| 123241   | 367929    |
212| 258544   | 562464    |
213| 177725   | 464913    |
214| 233120   | 518940    |
215| 81221    | 288441    |
216| 223560   | 476388    |
217| 165477   | 426141    |
218| 237728   | 522828    |
219| 107655   | 325593    |
220| 212004   | 453924    |
221| 129309   | 346653    |
222| 151212   | 353376    |
223| 31891    | 166389    |
224| 147496   | 322416    |
225| 122617   | 315801    |
226| 202712   | 428544    |
227| 99121    | 290421    |
228| 222276   | 467316    |
229| 150839   | 383805    |
230| 203772   | 441936    |
231| 68047    | 244197    |
232| 205736   | 435348    |
233| 149735   | 387693    |
234| 223092   | 490428    |
235| 97073    | 302697    |
236| 206984   | 448740    |
237| 128457   | 341469    |
238| 160104   | 363744    |
239| 37283    | 173301    |
240| 153632   | 329976    |
241| 116551   | 302409    |
242| 182644   | 399600    |
243| 79475    | 253269    |
244| 180772   | 402516    |
245| 113135   | 313389    |
246| 151944   | 353376    |
247| 42571    | 178485    |
248| 138136   | 311400    |
249| 90301    | 260073    |
250| 130400   | 321408    |
251| 47375    | 182373    |
252| 103112   | 265176    |
253| 51721    | 185289    |
254| 57296    | 187476    |
255| 255      | 71841     |
---+----------+-----------+
Min SDCs 255 for A 255



~~~~~~~~~~~~~~~~~~~~~~~~~~~~~~~~~~~~~~~~~~~
Perm Stuck-at SDCs for ones' complement on 8bit  
~~~~~~~~~~~~~~~~~~~~~~~~~~~~~~~~~~~~~~~~~~~
   |   SDCs   |  Masked   |
---+----------+-----------+
   | 0        | 65536     |
---+----------+-----------+



~~~~~~~~~~~~~~~~~~~~~~~~~~~~~~~~~~~~~~~~~~~
Perm Stuck-at SDCs for two's complement on 8bit  
~~~~~~~~~~~~~~~~~~~~~~~~~~~~~~~~~~~~~~~~~~~
   |   SDCs   |  Masked   |
---+----------+-----------+
   | 6305     | 183486    |
---+----------+-----------+



